Determining if the pthread_create exist failed with the following output:
Change Dir: /home/jerome/catkin_ws/src/ros_opencv_converter/CMakeFiles/CMakeTmp

Run Build Command:"/usr/bin/make" "cmTryCompileExec526032984/fast"
/usr/bin/make -f CMakeFiles/cmTryCompileExec526032984.dir/build.make CMakeFiles/cmTryCompileExec526032984.dir/build
make[1]: Entering directory `/home/jerome/catkin_ws/src/ros_opencv_converter/CMakeFiles/CMakeTmp'
/usr/local/bin/cmake -E cmake_progress_report /home/jerome/catkin_ws/src/ros_opencv_converter/CMakeFiles/CMakeTmp/CMakeFiles 1
Building C object CMakeFiles/cmTryCompileExec526032984.dir/CheckSymbolExists.c.o
/usr/bin/cc    -o CMakeFiles/cmTryCompileExec526032984.dir/CheckSymbolExists.c.o   -c /home/jerome/catkin_ws/src/ros_opencv_converter/CMakeFiles/CMakeTmp/CheckSymbolExists.c
Linking C executable cmTryCompileExec526032984
/usr/local/bin/cmake -E cmake_link_script CMakeFiles/cmTryCompileExec526032984.dir/link.txt --verbose=1
/usr/bin/cc       CMakeFiles/cmTryCompileExec526032984.dir/CheckSymbolExists.c.o  -o cmTryCompileExec526032984 -rdynamic 
CMakeFiles/cmTryCompileExec526032984.dir/CheckSymbolExists.c.o: In function `main':
CheckSymbolExists.c:(.text+0x16): undefined reference to `pthread_create'
collect2: error: ld returned 1 exit status
make[1]: *** [cmTryCompileExec526032984] Error 1
make[1]: Leaving directory `/home/jerome/catkin_ws/src/ros_opencv_converter/CMakeFiles/CMakeTmp'
make: *** [cmTryCompileExec526032984/fast] Error 2

File /home/jerome/catkin_ws/src/ros_opencv_converter/CMakeFiles/CMakeTmp/CheckSymbolExists.c:
/* */
#include <pthread.h>

int main(int argc, char** argv)
{
  (void)argv;
#ifndef pthread_create
  return ((int*)(&pthread_create))[argc];
#else
  (void)argc;
  return 0;
#endif
}

Determining if the function pthread_create exists in the pthreads failed with the following output:
Change Dir: /home/jerome/catkin_ws/src/ros_opencv_converter/CMakeFiles/CMakeTmp

Run Build Command:"/usr/bin/make" "cmTryCompileExec3406504974/fast"
/usr/bin/make -f CMakeFiles/cmTryCompileExec3406504974.dir/build.make CMakeFiles/cmTryCompileExec3406504974.dir/build
make[1]: Entering directory `/home/jerome/catkin_ws/src/ros_opencv_converter/CMakeFiles/CMakeTmp'
/usr/local/bin/cmake -E cmake_progress_report /home/jerome/catkin_ws/src/ros_opencv_converter/CMakeFiles/CMakeTmp/CMakeFiles 1
Building C object CMakeFiles/cmTryCompileExec3406504974.dir/CheckFunctionExists.c.o
/usr/bin/cc   -DCHECK_FUNCTION_EXISTS=pthread_create   -o CMakeFiles/cmTryCompileExec3406504974.dir/CheckFunctionExists.c.o   -c /usr/local/share/cmake-3.2/Modules/CheckFunctionExists.c
Linking C executable cmTryCompileExec3406504974
/usr/local/bin/cmake -E cmake_link_script CMakeFiles/cmTryCompileExec3406504974.dir/link.txt --verbose=1
/usr/bin/cc   -DCHECK_FUNCTION_EXISTS=pthread_create    CMakeFiles/cmTryCompileExec3406504974.dir/CheckFunctionExists.c.o  -o cmTryCompileExec3406504974 -rdynamic -lpthreads 
/usr/bin/ld: cannot find -lpthreads
collect2: error: ld returned 1 exit status
make[1]: *** [cmTryCompileExec3406504974] Error 1
make[1]: Leaving directory `/home/jerome/catkin_ws/src/ros_opencv_converter/CMakeFiles/CMakeTmp'
make: *** [cmTryCompileExec3406504974/fast] Error 2


